{"__type":"$$EventMessageWorkflow","id":"88002c7f-14ba-46ee-9cd6-0fb6b74829c7","ts":"2026-03-25T21:14:42.049Z","eventName":"n8n.workflow.started","message":"n8n.workflow.started","payload":{"executionId":"138","workflowId":"OMrGygh8XkVeJ7k9","isManual":false,"workflowName":"reactivacion_winback_testrun"}}
{"__type":"$$EventMessageConfirm","confirm":"88002c7f-14ba-46ee-9cd6-0fb6b74829c7","ts":"2026-03-25T21:14:42.049Z","source":{"id":"0","name":"eventBus"}}
{"__type":"$$EventMessageNode","id":"a6c10b9b-a63a-4c87-9725-18e423afc932","ts":"2026-03-25T21:14:42.050Z","eventName":"n8n.node.started","message":"n8n.node.started","payload":{"workflowId":"OMrGygh8XkVeJ7k9","workflowName":"reactivacion_winback_testrun","executionId":"138","nodeType":"n8n-nodes-base.scheduleTrigger","nodeName":"Every Hour"}}
{"__type":"$$EventMessageConfirm","confirm":"a6c10b9b-a63a-4c87-9725-18e423afc932","ts":"2026-03-25T21:14:42.050Z","source":{"id":"0","name":"eventBus"}}
{"__type":"$$EventMessageNode","id":"4648f0cf-fe81-4c30-ac95-b8b25139caed","ts":"2026-03-25T21:14:42.051Z","eventName":"n8n.node.finished","message":"n8n.node.finished","payload":{"workflowId":"OMrGygh8XkVeJ7k9","workflowName":"reactivacion_winback_testrun","executionId":"138","nodeType":"n8n-nodes-base.scheduleTrigger","nodeName":"Every Hour"}}
{"__type":"$$EventMessageConfirm","confirm":"4648f0cf-fe81-4c30-ac95-b8b25139caed","ts":"2026-03-25T21:14:42.051Z","source":{"id":"0","name":"eventBus"}}
{"__type":"$$EventMessageNode","id":"b347974e-a0a0-4011-ba6e-d8e98b720258","ts":"2026-03-25T21:14:42.052Z","eventName":"n8n.node.started","message":"n8n.node.started","payload":{"workflowId":"OMrGygh8XkVeJ7k9","workflowName":"reactivacion_winback_testrun","executionId":"138","nodeType":"n8n-nodes-base.code","nodeName":"Build 14d Cutoff"}}
{"__type":"$$EventMessageConfirm","confirm":"b347974e-a0a0-4011-ba6e-d8e98b720258","ts":"2026-03-25T21:14:42.052Z","source":{"id":"0","name":"eventBus"}}
{"__type":"$$EventMessageNode","id":"178fcae1-413d-4a03-ac0b-d49e311a2193","ts":"2026-03-25T21:14:42.068Z","eventName":"n8n.node.finished","message":"n8n.node.finished","payload":{"workflowId":"OMrGygh8XkVeJ7k9","workflowName":"reactivacion_winback_testrun","executionId":"138","nodeType":"n8n-nodes-base.code","nodeName":"Build 14d Cutoff"}}
{"__type":"$$EventMessageConfirm","confirm":"178fcae1-413d-4a03-ac0b-d49e311a2193","ts":"2026-03-25T21:14:42.068Z","source":{"id":"0","name":"eventBus"}}
{"__type":"$$EventMessageNode","id":"1b187016-db03-497b-92c2-d7559305dd33","ts":"2026-03-25T21:14:42.068Z","eventName":"n8n.node.started","message":"n8n.node.started","payload":{"workflowId":"OMrGygh8XkVeJ7k9","workflowName":"reactivacion_winback_testrun","executionId":"138","nodeType":"n8n-nodes-base.httpRequest","nodeName":"Fetch Winback Leads"}}
{"__type":"$$EventMessageConfirm","confirm":"1b187016-db03-497b-92c2-d7559305dd33","ts":"2026-03-25T21:14:42.068Z","source":{"id":"0","name":"eventBus"}}
{"__type":"$$EventMessageNode","id":"3984bdd4-459c-449c-8e7a-ddca456dd95c","ts":"2026-03-25T21:14:42.395Z","eventName":"n8n.node.finished","message":"n8n.node.finished","payload":{"workflowId":"OMrGygh8XkVeJ7k9","workflowName":"reactivacion_winback_testrun","executionId":"138","nodeType":"n8n-nodes-base.httpRequest","nodeName":"Fetch Winback Leads"}}
{"__type":"$$EventMessageConfirm","confirm":"3984bdd4-459c-449c-8e7a-ddca456dd95c","ts":"2026-03-25T21:14:42.395Z","source":{"id":"0","name":"eventBus"}}
{"__type":"$$EventMessageNode","id":"0f9b7645-004e-4d09-aab9-56ae83d341a4","ts":"2026-03-25T21:14:42.395Z","eventName":"n8n.node.started","message":"n8n.node.started","payload":{"workflowId":"OMrGygh8XkVeJ7k9","workflowName":"reactivacion_winback_testrun","executionId":"138","nodeType":"n8n-nodes-base.code","nodeName":"Array to Items"}}
{"__type":"$$EventMessageConfirm","confirm":"0f9b7645-004e-4d09-aab9-56ae83d341a4","ts":"2026-03-25T21:14:42.395Z","source":{"id":"0","name":"eventBus"}}
{"__type":"$$EventMessageNode","id":"e1adbefd-3dd2-4bc2-989f-7e5a5cf194be","ts":"2026-03-25T21:14:42.402Z","eventName":"n8n.node.finished","message":"n8n.node.finished","payload":{"workflowId":"OMrGygh8XkVeJ7k9","workflowName":"reactivacion_winback_testrun","executionId":"138","nodeType":"n8n-nodes-base.code","nodeName":"Array to Items"}}
{"__type":"$$EventMessageConfirm","confirm":"e1adbefd-3dd2-4bc2-989f-7e5a5cf194be","ts":"2026-03-25T21:14:42.402Z","source":{"id":"0","name":"eventBus"}}
{"__type":"$$EventMessageNode","id":"08c364fb-9b7a-43cc-8f18-adf7b6d151bf","ts":"2026-03-25T21:14:42.402Z","eventName":"n8n.node.started","message":"n8n.node.started","payload":{"workflowId":"OMrGygh8XkVeJ7k9","workflowName":"reactivacion_winback_testrun","executionId":"138","nodeType":"n8n-nodes-base.httpRequest","nodeName":"Send Winback Telegram"}}
{"__type":"$$EventMessageConfirm","confirm":"08c364fb-9b7a-43cc-8f18-adf7b6d151bf","ts":"2026-03-25T21:14:42.403Z","source":{"id":"0","name":"eventBus"}}
{"__type":"$$EventMessageNode","id":"aba383b8-a673-4ff5-a6ed-c085685918ad","ts":"2026-03-25T21:14:42.713Z","eventName":"n8n.node.finished","message":"n8n.node.finished","payload":{"workflowId":"OMrGygh8XkVeJ7k9","workflowName":"reactivacion_winback_testrun","executionId":"138","nodeType":"n8n-nodes-base.httpRequest","nodeName":"Send Winback Telegram"}}
{"__type":"$$EventMessageConfirm","confirm":"aba383b8-a673-4ff5-a6ed-c085685918ad","ts":"2026-03-25T21:14:42.713Z","source":{"id":"0","name":"eventBus"}}
{"__type":"$$EventMessageNode","id":"103c283d-93dc-4caf-9c90-ca8c11605d51","ts":"2026-03-25T21:14:42.713Z","eventName":"n8n.node.started","message":"n8n.node.started","payload":{"workflowId":"OMrGygh8XkVeJ7k9","workflowName":"reactivacion_winback_testrun","executionId":"138","nodeType":"n8n-nodes-base.httpRequest","nodeName":"Mark Winback Sent"}}
{"__type":"$$EventMessageConfirm","confirm":"103c283d-93dc-4caf-9c90-ca8c11605d51","ts":"2026-03-25T21:14:42.713Z","source":{"id":"0","name":"eventBus"}}
{"__type":"$$EventMessageNode","id":"bf67b3ee-1268-48d9-8198-b31797e00311","ts":"2026-03-25T21:14:42.953Z","eventName":"n8n.node.finished","message":"n8n.node.finished","payload":{"workflowId":"OMrGygh8XkVeJ7k9","workflowName":"reactivacion_winback_testrun","executionId":"138","nodeType":"n8n-nodes-base.httpRequest","nodeName":"Mark Winback Sent"}}
{"__type":"$$EventMessageConfirm","confirm":"bf67b3ee-1268-48d9-8198-b31797e00311","ts":"2026-03-25T21:14:42.953Z","source":{"id":"0","name":"eventBus"}}
{"__type":"$$EventMessageWorkflow","id":"8ca0198f-1052-4bbd-95aa-10c34ade2891","ts":"2026-03-25T21:14:42.954Z","eventName":"n8n.workflow.success","message":"n8n.workflow.success","payload":{"executionId":"138","success":true,"isManual":false,"workflowId":"OMrGygh8XkVeJ7k9","workflowName":"reactivacion_winback_testrun"}}
{"__type":"$$EventMessageConfirm","confirm":"8ca0198f-1052-4bbd-95aa-10c34ade2891","ts":"2026-03-25T21:14:42.954Z","source":{"id":"0","name":"eventBus"}}
{"__type":"$$EventMessageWorkflow","id":"9845c9e8-6a0f-441c-baed-be460fed2120","ts":"2026-03-25T21:15:33.036Z","eventName":"n8n.workflow.started","message":"n8n.workflow.started","payload":{"executionId":"139","workflowId":"NYg2IeiCvzmjmF8P","isManual":false,"workflowName":"detector_leads"}}
{"__type":"$$EventMessageConfirm","confirm":"9845c9e8-6a0f-441c-baed-be460fed2120","ts":"2026-03-25T21:15:33.036Z","source":{"id":"0","name":"eventBus"}}
{"__type":"$$EventMessageNode","id":"fa78df3d-8642-40ae-b188-887249c92d39","ts":"2026-03-25T21:15:33.036Z","eventName":"n8n.node.started","message":"n8n.node.started","payload":{"workflowId":"NYg2IeiCvzmjmF8P","workflowName":"detector_leads","executionId":"139","nodeType":"n8n-nodes-base.scheduleTrigger","nodeName":"Every 5 Minutes"}}
{"__type":"$$EventMessageConfirm","confirm":"fa78df3d-8642-40ae-b188-887249c92d39","ts":"2026-03-25T21:15:33.036Z","source":{"id":"0","name":"eventBus"}}
{"__type":"$$EventMessageNode","id":"1218ee19-8388-4320-bea6-be79f5deb583","ts":"2026-03-25T21:15:33.036Z","eventName":"n8n.node.finished","message":"n8n.node.finished","payload":{"workflowId":"NYg2IeiCvzmjmF8P","workflowName":"detector_leads","executionId":"139","nodeType":"n8n-nodes-base.scheduleTrigger","nodeName":"Every 5 Minutes"}}
{"__type":"$$EventMessageConfirm","confirm":"1218ee19-8388-4320-bea6-be79f5deb583","ts":"2026-03-25T21:15:33.036Z","source":{"id":"0","name":"eventBus"}}
{"__type":"$$EventMessageNode","id":"b8a418ed-0920-49f9-9a9f-bbfeff61db1b","ts":"2026-03-25T21:15:33.037Z","eventName":"n8n.node.started","message":"n8n.node.started","payload":{"workflowId":"NYg2IeiCvzmjmF8P","workflowName":"detector_leads","executionId":"139","nodeType":"n8n-nodes-base.code","nodeName":"Build 5m Cutoff"}}
{"__type":"$$EventMessageConfirm","confirm":"b8a418ed-0920-49f9-9a9f-bbfeff61db1b","ts":"2026-03-25T21:15:33.037Z","source":{"id":"0","name":"eventBus"}}
{"__type":"$$EventMessageNode","id":"638bb504-2b75-4611-9aa0-8069128bb8c5","ts":"2026-03-25T21:15:33.040Z","eventName":"n8n.node.finished","message":"n8n.node.finished","payload":{"workflowId":"NYg2IeiCvzmjmF8P","workflowName":"detector_leads","executionId":"139","nodeType":"n8n-nodes-base.code","nodeName":"Build 5m Cutoff"}}
{"__type":"$$EventMessageConfirm","confirm":"638bb504-2b75-4611-9aa0-8069128bb8c5","ts":"2026-03-25T21:15:33.040Z","source":{"id":"0","name":"eventBus"}}
{"__type":"$$EventMessageNode","id":"3bc3b9aa-82b2-4b47-8e17-563f68f0d508","ts":"2026-03-25T21:15:33.040Z","eventName":"n8n.node.started","message":"n8n.node.started","payload":{"workflowId":"NYg2IeiCvzmjmF8P","workflowName":"detector_leads","executionId":"139","nodeType":"n8n-nodes-base.httpRequest","nodeName":"Fetch Eligible Leads"}}
{"__type":"$$EventMessageConfirm","confirm":"3bc3b9aa-82b2-4b47-8e17-563f68f0d508","ts":"2026-03-25T21:15:33.040Z","source":{"id":"0","name":"eventBus"}}
{"__type":"$$EventMessageNode","id":"968e9242-448a-4d77-9249-e74a15081898","ts":"2026-03-25T21:15:33.351Z","eventName":"n8n.node.finished","message":"n8n.node.finished","payload":{"workflowId":"NYg2IeiCvzmjmF8P","workflowName":"detector_leads","executionId":"139","nodeType":"n8n-nodes-base.httpRequest","nodeName":"Fetch Eligible Leads"}}
{"__type":"$$EventMessageConfirm","confirm":"968e9242-448a-4d77-9249-e74a15081898","ts":"2026-03-25T21:15:33.351Z","source":{"id":"0","name":"eventBus"}}
{"__type":"$$EventMessageNode","id":"05b2be7a-2add-4b04-86e8-7c157a248157","ts":"2026-03-25T21:15:33.351Z","eventName":"n8n.node.started","message":"n8n.node.started","payload":{"workflowId":"NYg2IeiCvzmjmF8P","workflowName":"detector_leads","executionId":"139","nodeType":"n8n-nodes-base.code","nodeName":"Array to Items"}}
{"__type":"$$EventMessageConfirm","confirm":"05b2be7a-2add-4b04-86e8-7c157a248157","ts":"2026-03-25T21:15:33.351Z","source":{"id":"0","name":"eventBus"}}
{"__type":"$$EventMessageNode","id":"ab2f62d2-1558-4f51-bd9b-183e0888dbf2","ts":"2026-03-25T21:15:33.356Z","eventName":"n8n.node.finished","message":"n8n.node.finished","payload":{"workflowId":"NYg2IeiCvzmjmF8P","workflowName":"detector_leads","executionId":"139","nodeType":"n8n-nodes-base.code","nodeName":"Array to Items"}}
{"__type":"$$EventMessageConfirm","confirm":"ab2f62d2-1558-4f51-bd9b-183e0888dbf2","ts":"2026-03-25T21:15:33.356Z","source":{"id":"0","name":"eventBus"}}
{"__type":"$$EventMessageNode","id":"7a54e535-07ca-4108-b840-bc7aef59ccce","ts":"2026-03-25T21:15:33.356Z","eventName":"n8n.node.started","message":"n8n.node.started","payload":{"workflowId":"NYg2IeiCvzmjmF8P","workflowName":"detector_leads","executionId":"139","nodeType":"n8n-nodes-base.if","nodeName":"Is Cold Traffic"}}
{"__type":"$$EventMessageConfirm","confirm":"7a54e535-07ca-4108-b840-bc7aef59ccce","ts":"2026-03-25T21:15:33.356Z","source":{"id":"0","name":"eventBus"}}
{"__type":"$$EventMessageNode","id":"9844bc2c-2aa7-42d2-9327-3bce447378f5","ts":"2026-03-25T21:15:33.361Z","eventName":"n8n.node.finished","message":"n8n.node.finished","payload":{"workflowId":"NYg2IeiCvzmjmF8P","workflowName":"detector_leads","executionId":"139","nodeType":"n8n-nodes-base.if","nodeName":"Is Cold Traffic"}}
{"__type":"$$EventMessageConfirm","confirm":"9844bc2c-2aa7-42d2-9327-3bce447378f5","ts":"2026-03-25T21:15:33.362Z","source":{"id":"0","name":"eventBus"}}
{"__type":"$$EventMessageNode","id":"a4cded87-0c31-4f4f-8c81-64cba26bd6bf","ts":"2026-03-25T21:15:33.362Z","eventName":"n8n.node.started","message":"n8n.node.started","payload":{"workflowId":"NYg2IeiCvzmjmF8P","workflowName":"detector_leads","executionId":"139","nodeType":"n8n-nodes-base.if","nodeName":"Is Direct"}}
{"__type":"$$EventMessageConfirm","confirm":"a4cded87-0c31-4f4f-8c81-64cba26bd6bf","ts":"2026-03-25T21:15:33.362Z","source":{"id":"0","name":"eventBus"}}
{"__type":"$$EventMessageNode","id":"cab5a1c5-9f80-4341-b8e8-d4239375a4c5","ts":"2026-03-25T21:15:33.368Z","eventName":"n8n.node.finished","message":"n8n.node.finished","payload":{"workflowId":"NYg2IeiCvzmjmF8P","workflowName":"detector_leads","executionId":"139","nodeType":"n8n-nodes-base.if","nodeName":"Is Direct"}}
{"__type":"$$EventMessageConfirm","confirm":"cab5a1c5-9f80-4341-b8e8-d4239375a4c5","ts":"2026-03-25T21:15:33.368Z","source":{"id":"0","name":"eventBus"}}
{"__type":"$$EventMessageNode","id":"5a1da5f2-a366-43d8-9fe5-443a6026bd60","ts":"2026-03-25T21:15:33.368Z","eventName":"n8n.node.started","message":"n8n.node.started","payload":{"workflowId":"NYg2IeiCvzmjmF8P","workflowName":"detector_leads","executionId":"139","nodeType":"n8n-nodes-base.httpRequest","nodeName":"Send Telegram Flow 3"}}
{"__type":"$$EventMessageConfirm","confirm":"5a1da5f2-a366-43d8-9fe5-443a6026bd60","ts":"2026-03-25T21:15:33.368Z","source":{"id":"0","name":"eventBus"}}
{"__type":"$$EventMessageNode","id":"5d23a755-847c-4322-ae13-e073e61d9013","ts":"2026-03-25T21:15:33.614Z","eventName":"n8n.node.finished","message":"n8n.node.finished","payload":{"workflowId":"NYg2IeiCvzmjmF8P","workflowName":"detector_leads","executionId":"139","nodeType":"n8n-nodes-base.httpRequest","nodeName":"Send Telegram Flow 3"}}
{"__type":"$$EventMessageConfirm","confirm":"5d23a755-847c-4322-ae13-e073e61d9013","ts":"2026-03-25T21:15:33.615Z","source":{"id":"0","name":"eventBus"}}
{"__type":"$$EventMessageNode","id":"584caa16-5030-4d93-b438-1bd808bf1a30","ts":"2026-03-25T21:15:33.615Z","eventName":"n8n.node.started","message":"n8n.node.started","payload":{"workflowId":"NYg2IeiCvzmjmF8P","workflowName":"detector_leads","executionId":"139","nodeType":"n8n-nodes-base.httpRequest","nodeName":"Update Lead Flow 3"}}
{"__type":"$$EventMessageConfirm","confirm":"584caa16-5030-4d93-b438-1bd808bf1a30","ts":"2026-03-25T21:15:33.615Z","source":{"id":"0","name":"eventBus"}}
{"__type":"$$EventMessageNode","id":"6ef69ea8-042e-427b-9386-6c2b87c3fdca","ts":"2026-03-25T21:15:33.847Z","eventName":"n8n.node.finished","message":"n8n.node.finished","payload":{"workflowId":"NYg2IeiCvzmjmF8P","workflowName":"detector_leads","executionId":"139","nodeType":"n8n-nodes-base.httpRequest","nodeName":"Update Lead Flow 3"}}
{"__type":"$$EventMessageConfirm","confirm":"6ef69ea8-042e-427b-9386-6c2b87c3fdca","ts":"2026-03-25T21:15:33.847Z","source":{"id":"0","name":"eventBus"}}
{"__type":"$$EventMessageWorkflow","id":"b1f59fbd-b9ea-4927-921e-f77fa9d73f51","ts":"2026-03-25T21:15:33.847Z","eventName":"n8n.workflow.success","message":"n8n.workflow.success","payload":{"executionId":"139","success":true,"isManual":false,"workflowId":"NYg2IeiCvzmjmF8P","workflowName":"detector_leads"}}
{"__type":"$$EventMessageConfirm","confirm":"b1f59fbd-b9ea-4927-921e-f77fa9d73f51","ts":"2026-03-25T21:15:33.847Z","source":{"id":"0","name":"eventBus"}}
{"__type":"$$EventMessageWorkflow","id":"bc7172f0-8820-448b-b08e-acf657626ef3","ts":"2026-03-25T21:15:42.043Z","eventName":"n8n.workflow.started","message":"n8n.workflow.started","payload":{"executionId":"140","workflowId":"OMrGygh8XkVeJ7k9","isManual":false,"workflowName":"reactivacion_winback_testrun"}}
{"__type":"$$EventMessageConfirm","confirm":"bc7172f0-8820-448b-b08e-acf657626ef3","ts":"2026-03-25T21:15:42.043Z","source":{"id":"0","name":"eventBus"}}
{"__type":"$$EventMessageNode","id":"76d92bb5-0790-46c7-8320-a58c64a9d7b9","ts":"2026-03-25T21:15:42.043Z","eventName":"n8n.node.started","message":"n8n.node.started","payload":{"workflowId":"OMrGygh8XkVeJ7k9","workflowName":"reactivacion_winback_testrun","executionId":"140","nodeType":"n8n-nodes-base.scheduleTrigger","nodeName":"Every Hour"}}
{"__type":"$$EventMessageConfirm","confirm":"76d92bb5-0790-46c7-8320-a58c64a9d7b9","ts":"2026-03-25T21:15:42.043Z","source":{"id":"0","name":"eventBus"}}
{"__type":"$$EventMessageNode","id":"10501ba2-51cd-44ce-9147-f85005ca6d8d","ts":"2026-03-25T21:15:42.043Z","eventName":"n8n.node.finished","message":"n8n.node.finished","payload":{"workflowId":"OMrGygh8XkVeJ7k9","workflowName":"reactivacion_winback_testrun","executionId":"140","nodeType":"n8n-nodes-base.scheduleTrigger","nodeName":"Every Hour"}}
{"__type":"$$EventMessageConfirm","confirm":"10501ba2-51cd-44ce-9147-f85005ca6d8d","ts":"2026-03-25T21:15:42.043Z","source":{"id":"0","name":"eventBus"}}
{"__type":"$$EventMessageNode","id":"a26386c3-fd4f-4075-87e1-b4ba449f4086","ts":"2026-03-25T21:15:42.043Z","eventName":"n8n.node.started","message":"n8n.node.started","payload":{"workflowId":"OMrGygh8XkVeJ7k9","workflowName":"reactivacion_winback_testrun","executionId":"140","nodeType":"n8n-nodes-base.code","nodeName":"Build 14d Cutoff"}}
{"__type":"$$EventMessageConfirm","confirm":"a26386c3-fd4f-4075-87e1-b4ba449f4086","ts":"2026-03-25T21:15:42.043Z","source":{"id":"0","name":"eventBus"}}
{"__type":"$$EventMessageNode","id":"fecff2af-3d06-4133-808f-ecb58694375e","ts":"2026-03-25T21:15:42.047Z","eventName":"n8n.node.finished","message":"n8n.node.finished","payload":{"workflowId":"OMrGygh8XkVeJ7k9","workflowName":"reactivacion_winback_testrun","executionId":"140","nodeType":"n8n-nodes-base.code","nodeName":"Build 14d Cutoff"}}
{"__type":"$$EventMessageConfirm","confirm":"fecff2af-3d06-4133-808f-ecb58694375e","ts":"2026-03-25T21:15:42.047Z","source":{"id":"0","name":"eventBus"}}
{"__type":"$$EventMessageNode","id":"51a87d0f-c326-4d85-9f90-b1e81176ac3b","ts":"2026-03-25T21:15:42.047Z","eventName":"n8n.node.started","message":"n8n.node.started","payload":{"workflowId":"OMrGygh8XkVeJ7k9","workflowName":"reactivacion_winback_testrun","executionId":"140","nodeType":"n8n-nodes-base.httpRequest","nodeName":"Fetch Winback Leads"}}
{"__type":"$$EventMessageConfirm","confirm":"51a87d0f-c326-4d85-9f90-b1e81176ac3b","ts":"2026-03-25T21:15:42.047Z","source":{"id":"0","name":"eventBus"}}
{"__type":"$$EventMessageNode","id":"78a8de57-998e-4d79-9af2-673a674c8ce7","ts":"2026-03-25T21:15:42.276Z","eventName":"n8n.node.finished","message":"n8n.node.finished","payload":{"workflowId":"OMrGygh8XkVeJ7k9","workflowName":"reactivacion_winback_testrun","executionId":"140","nodeType":"n8n-nodes-base.httpRequest","nodeName":"Fetch Winback Leads"}}
{"__type":"$$EventMessageConfirm","confirm":"78a8de57-998e-4d79-9af2-673a674c8ce7","ts":"2026-03-25T21:15:42.276Z","source":{"id":"0","name":"eventBus"}}
{"__type":"$$EventMessageNode","id":"7ec48683-e7dd-4f9a-96db-e96a869026cc","ts":"2026-03-25T21:15:42.277Z","eventName":"n8n.node.started","message":"n8n.node.started","payload":{"workflowId":"OMrGygh8XkVeJ7k9","workflowName":"reactivacion_winback_testrun","executionId":"140","nodeType":"n8n-nodes-base.code","nodeName":"Array to Items"}}
{"__type":"$$EventMessageConfirm","confirm":"7ec48683-e7dd-4f9a-96db-e96a869026cc","ts":"2026-03-25T21:15:42.277Z","source":{"id":"0","name":"eventBus"}}
{"__type":"$$EventMessageNode","id":"77da3682-bf1d-4347-ab5d-8872f580b8f7","ts":"2026-03-25T21:15:42.281Z","eventName":"n8n.node.finished","message":"n8n.node.finished","payload":{"workflowId":"OMrGygh8XkVeJ7k9","workflowName":"reactivacion_winback_testrun","executionId":"140","nodeType":"n8n-nodes-base.code","nodeName":"Array to Items"}}
{"__type":"$$EventMessageConfirm","confirm":"77da3682-bf1d-4347-ab5d-8872f580b8f7","ts":"2026-03-25T21:15:42.281Z","source":{"id":"0","name":"eventBus"}}
{"__type":"$$EventMessageNode","id":"d65df3f4-ddc0-47a1-81ea-e12cd557bc83","ts":"2026-03-25T21:15:42.281Z","eventName":"n8n.node.started","message":"n8n.node.started","payload":{"workflowId":"OMrGygh8XkVeJ7k9","workflowName":"reactivacion_winback_testrun","executionId":"140","nodeType":"n8n-nodes-base.httpRequest","nodeName":"Send Winback Telegram"}}
{"__type":"$$EventMessageConfirm","confirm":"d65df3f4-ddc0-47a1-81ea-e12cd557bc83","ts":"2026-03-25T21:15:42.281Z","source":{"id":"0","name":"eventBus"}}
{"__type":"$$EventMessageNode","id":"70344775-6790-498b-a1b7-9cccaa300733","ts":"2026-03-25T21:15:42.499Z","eventName":"n8n.node.finished","message":"n8n.node.finished","payload":{"workflowId":"OMrGygh8XkVeJ7k9","workflowName":"reactivacion_winback_testrun","executionId":"140","nodeType":"n8n-nodes-base.httpRequest","nodeName":"Send Winback Telegram"}}
{"__type":"$$EventMessageConfirm","confirm":"70344775-6790-498b-a1b7-9cccaa300733","ts":"2026-03-25T21:15:42.499Z","source":{"id":"0","name":"eventBus"}}
{"__type":"$$EventMessageNode","id":"9e736dc6-4f6c-4faa-8c3c-804fbdaef505","ts":"2026-03-25T21:15:42.499Z","eventName":"n8n.node.started","message":"n8n.node.started","payload":{"workflowId":"OMrGygh8XkVeJ7k9","workflowName":"reactivacion_winback_testrun","executionId":"140","nodeType":"n8n-nodes-base.httpRequest","nodeName":"Mark Winback Sent"}}
{"__type":"$$EventMessageConfirm","confirm":"9e736dc6-4f6c-4faa-8c3c-804fbdaef505","ts":"2026-03-25T21:15:42.499Z","source":{"id":"0","name":"eventBus"}}
{"__type":"$$EventMessageNode","id":"cf22b271-56b6-40c8-80f8-47866d54bf4f","ts":"2026-03-25T21:15:42.700Z","eventName":"n8n.node.finished","message":"n8n.node.finished","payload":{"workflowId":"OMrGygh8XkVeJ7k9","workflowName":"reactivacion_winback_testrun","executionId":"140","nodeType":"n8n-nodes-base.httpRequest","nodeName":"Mark Winback Sent"}}
{"__type":"$$EventMessageConfirm","confirm":"cf22b271-56b6-40c8-80f8-47866d54bf4f","ts":"2026-03-25T21:15:42.700Z","source":{"id":"0","name":"eventBus"}}
{"__type":"$$EventMessageWorkflow","id":"e6e73006-d3ac-4d5a-b4ba-c87d1a434218","ts":"2026-03-25T21:15:42.700Z","eventName":"n8n.workflow.success","message":"n8n.workflow.success","payload":{"executionId":"140","success":true,"isManual":false,"workflowId":"OMrGygh8XkVeJ7k9","workflowName":"reactivacion_winback_testrun"}}
{"__type":"$$EventMessageConfirm","confirm":"e6e73006-d3ac-4d5a-b4ba-c87d1a434218","ts":"2026-03-25T21:15:42.701Z","source":{"id":"0","name":"eventBus"}}
{"__type":"$$EventMessageWorkflow","id":"92a30c7a-5008-4851-9d0c-c8ab02a4fe93","ts":"2026-03-25T21:16:42.031Z","eventName":"n8n.workflow.started","message":"n8n.workflow.started","payload":{"executionId":"141","workflowId":"OMrGygh8XkVeJ7k9","isManual":false,"workflowName":"reactivacion_winback_testrun"}}
{"__type":"$$EventMessageConfirm","confirm":"92a30c7a-5008-4851-9d0c-c8ab02a4fe93","ts":"2026-03-25T21:16:42.031Z","source":{"id":"0","name":"eventBus"}}
{"__type":"$$EventMessageNode","id":"abd40c0d-2c32-4f07-982e-ac11b346bcbe","ts":"2026-03-25T21:16:42.031Z","eventName":"n8n.node.started","message":"n8n.node.started","payload":{"workflowId":"OMrGygh8XkVeJ7k9","workflowName":"reactivacion_winback_testrun","executionId":"141","nodeType":"n8n-nodes-base.scheduleTrigger","nodeName":"Every Hour"}}
{"__type":"$$EventMessageConfirm","confirm":"abd40c0d-2c32-4f07-982e-ac11b346bcbe","ts":"2026-03-25T21:16:42.031Z","source":{"id":"0","name":"eventBus"}}
{"__type":"$$EventMessageNode","id":"b4a2dd80-2756-492a-8a1f-8b3d73aa4d38","ts":"2026-03-25T21:16:42.031Z","eventName":"n8n.node.finished","message":"n8n.node.finished","payload":{"workflowId":"OMrGygh8XkVeJ7k9","workflowName":"reactivacion_winback_testrun","executionId":"141","nodeType":"n8n-nodes-base.scheduleTrigger","nodeName":"Every Hour"}}
{"__type":"$$EventMessageConfirm","confirm":"b4a2dd80-2756-492a-8a1f-8b3d73aa4d38","ts":"2026-03-25T21:16:42.031Z","source":{"id":"0","name":"eventBus"}}
{"__type":"$$EventMessageNode","id":"54bdcd4b-3c5b-487c-ba77-599ce8d6ce89","ts":"2026-03-25T21:16:42.031Z","eventName":"n8n.node.started","message":"n8n.node.started","payload":{"workflowId":"OMrGygh8XkVeJ7k9","workflowName":"reactivacion_winback_testrun","executionId":"141","nodeType":"n8n-nodes-base.code","nodeName":"Build 14d Cutoff"}}
{"__type":"$$EventMessageConfirm","confirm":"54bdcd4b-3c5b-487c-ba77-599ce8d6ce89","ts":"2026-03-25T21:16:42.031Z","source":{"id":"0","name":"eventBus"}}
{"__type":"$$EventMessageNode","id":"36198f5b-3be2-4f58-a672-908a07baff14","ts":"2026-03-25T21:16:42.037Z","eventName":"n8n.node.finished","message":"n8n.node.finished","payload":{"workflowId":"OMrGygh8XkVeJ7k9","workflowName":"reactivacion_winback_testrun","executionId":"141","nodeType":"n8n-nodes-base.code","nodeName":"Build 14d Cutoff"}}
{"__type":"$$EventMessageConfirm","confirm":"36198f5b-3be2-4f58-a672-908a07baff14","ts":"2026-03-25T21:16:42.037Z","source":{"id":"0","name":"eventBus"}}
{"__type":"$$EventMessageNode","id":"59f8fbf3-dfd7-44ec-b944-1100a6ef1278","ts":"2026-03-25T21:16:42.037Z","eventName":"n8n.node.started","message":"n8n.node.started","payload":{"workflowId":"OMrGygh8XkVeJ7k9","workflowName":"reactivacion_winback_testrun","executionId":"141","nodeType":"n8n-nodes-base.httpRequest","nodeName":"Fetch Winback Leads"}}
{"__type":"$$EventMessageConfirm","confirm":"59f8fbf3-dfd7-44ec-b944-1100a6ef1278","ts":"2026-03-25T21:16:42.037Z","source":{"id":"0","name":"eventBus"}}
{"__type":"$$EventMessageNode","id":"ec30e557-de95-4e59-9993-e2bca912c88e","ts":"2026-03-25T21:16:42.328Z","eventName":"n8n.node.finished","message":"n8n.node.finished","payload":{"workflowId":"OMrGygh8XkVeJ7k9","workflowName":"reactivacion_winback_testrun","executionId":"141","nodeType":"n8n-nodes-base.httpRequest","nodeName":"Fetch Winback Leads"}}
{"__type":"$$EventMessageConfirm","confirm":"ec30e557-de95-4e59-9993-e2bca912c88e","ts":"2026-03-25T21:16:42.328Z","source":{"id":"0","name":"eventBus"}}
{"__type":"$$EventMessageWorkflow","id":"2d1f285c-6d3b-4824-83b1-dfe8c44e1f57","ts":"2026-03-25T21:16:42.328Z","eventName":"n8n.workflow.success","message":"n8n.workflow.success","payload":{"executionId":"141","success":true,"isManual":false,"workflowId":"OMrGygh8XkVeJ7k9","workflowName":"reactivacion_winback_testrun"}}
{"__type":"$$EventMessageConfirm","confirm":"2d1f285c-6d3b-4824-83b1-dfe8c44e1f57","ts":"2026-03-25T21:16:42.328Z","source":{"id":"0","name":"eventBus"}}
{"__type":"$$EventMessageWorkflow","id":"8ab73ffe-afed-4956-83c4-03f84ffe4d9d","ts":"2026-03-25T21:17:42.033Z","eventName":"n8n.workflow.started","message":"n8n.workflow.started","payload":{"executionId":"142","workflowId":"OMrGygh8XkVeJ7k9","isManual":false,"workflowName":"reactivacion_winback_testrun"}}
{"__type":"$$EventMessageConfirm","confirm":"8ab73ffe-afed-4956-83c4-03f84ffe4d9d","ts":"2026-03-25T21:17:42.033Z","source":{"id":"0","name":"eventBus"}}
{"__type":"$$EventMessageNode","id":"398ba6e4-43f2-4aaf-bc00-2ba3a0854343","ts":"2026-03-25T21:17:42.033Z","eventName":"n8n.node.started","message":"n8n.node.started","payload":{"workflowId":"OMrGygh8XkVeJ7k9","workflowName":"reactivacion_winback_testrun","executionId":"142","nodeType":"n8n-nodes-base.scheduleTrigger","nodeName":"Every Hour"}}
{"__type":"$$EventMessageConfirm","confirm":"398ba6e4-43f2-4aaf-bc00-2ba3a0854343","ts":"2026-03-25T21:17:42.033Z","source":{"id":"0","name":"eventBus"}}
{"__type":"$$EventMessageNode","id":"b70e7d8e-b651-42a6-9cfc-8578636f37db","ts":"2026-03-25T21:17:42.033Z","eventName":"n8n.node.finished","message":"n8n.node.finished","payload":{"workflowId":"OMrGygh8XkVeJ7k9","workflowName":"reactivacion_winback_testrun","executionId":"142","nodeType":"n8n-nodes-base.scheduleTrigger","nodeName":"Every Hour"}}
{"__type":"$$EventMessageConfirm","confirm":"b70e7d8e-b651-42a6-9cfc-8578636f37db","ts":"2026-03-25T21:17:42.033Z","source":{"id":"0","name":"eventBus"}}
{"__type":"$$EventMessageNode","id":"4da06ae8-e549-431d-9b87-d95316d6640f","ts":"2026-03-25T21:17:42.033Z","eventName":"n8n.node.started","message":"n8n.node.started","payload":{"workflowId":"OMrGygh8XkVeJ7k9","workflowName":"reactivacion_winback_testrun","executionId":"142","nodeType":"n8n-nodes-base.code","nodeName":"Build 14d Cutoff"}}
{"__type":"$$EventMessageConfirm","confirm":"4da06ae8-e549-431d-9b87-d95316d6640f","ts":"2026-03-25T21:17:42.033Z","source":{"id":"0","name":"eventBus"}}
{"__type":"$$EventMessageNode","id":"fb20f905-9597-4bc3-8662-778f72029dea","ts":"2026-03-25T21:17:42.037Z","eventName":"n8n.node.finished","message":"n8n.node.finished","payload":{"workflowId":"OMrGygh8XkVeJ7k9","workflowName":"reactivacion_winback_testrun","executionId":"142","nodeType":"n8n-nodes-base.code","nodeName":"Build 14d Cutoff"}}
{"__type":"$$EventMessageConfirm","confirm":"fb20f905-9597-4bc3-8662-778f72029dea","ts":"2026-03-25T21:17:42.037Z","source":{"id":"0","name":"eventBus"}}
{"__type":"$$EventMessageNode","id":"e60d46bd-f11d-4aca-996a-b237fe26cd93","ts":"2026-03-25T21:17:42.037Z","eventName":"n8n.node.started","message":"n8n.node.started","payload":{"workflowId":"OMrGygh8XkVeJ7k9","workflowName":"reactivacion_winback_testrun","executionId":"142","nodeType":"n8n-nodes-base.httpRequest","nodeName":"Fetch Winback Leads"}}
{"__type":"$$EventMessageConfirm","confirm":"e60d46bd-f11d-4aca-996a-b237fe26cd93","ts":"2026-03-25T21:17:42.037Z","source":{"id":"0","name":"eventBus"}}
{"__type":"$$EventMessageNode","id":"09ff4a53-4e25-4a2c-8257-ef4a4cd032ff","ts":"2026-03-25T21:17:42.339Z","eventName":"n8n.node.finished","message":"n8n.node.finished","payload":{"workflowId":"OMrGygh8XkVeJ7k9","workflowName":"reactivacion_winback_testrun","executionId":"142","nodeType":"n8n-nodes-base.httpRequest","nodeName":"Fetch Winback Leads"}}
{"__type":"$$EventMessageConfirm","confirm":"09ff4a53-4e25-4a2c-8257-ef4a4cd032ff","ts":"2026-03-25T21:17:42.339Z","source":{"id":"0","name":"eventBus"}}
{"__type":"$$EventMessageWorkflow","id":"f9328b1a-f218-484c-a7aa-9d8f5d9f708a","ts":"2026-03-25T21:17:42.339Z","eventName":"n8n.workflow.success","message":"n8n.workflow.success","payload":{"executionId":"142","success":true,"isManual":false,"workflowId":"OMrGygh8XkVeJ7k9","workflowName":"reactivacion_winback_testrun"}}
{"__type":"$$EventMessageConfirm","confirm":"f9328b1a-f218-484c-a7aa-9d8f5d9f708a","ts":"2026-03-25T21:17:42.339Z","source":{"id":"0","name":"eventBus"}}
{"__type":"$$EventMessageWorkflow","id":"e8807147-5b02-41de-b4b2-58e638b61972","ts":"2026-03-25T21:18:42.031Z","eventName":"n8n.workflow.started","message":"n8n.workflow.started","payload":{"executionId":"143","workflowId":"OMrGygh8XkVeJ7k9","isManual":false,"workflowName":"reactivacion_winback_testrun"}}
{"__type":"$$EventMessageConfirm","confirm":"e8807147-5b02-41de-b4b2-58e638b61972","ts":"2026-03-25T21:18:42.031Z","source":{"id":"0","name":"eventBus"}}
{"__type":"$$EventMessageNode","id":"a7c0e1d5-2c8b-4deb-acbf-b5a1b0074ded","ts":"2026-03-25T21:18:42.031Z","eventName":"n8n.node.started","message":"n8n.node.started","payload":{"workflowId":"OMrGygh8XkVeJ7k9","workflowName":"reactivacion_winback_testrun","executionId":"143","nodeType":"n8n-nodes-base.scheduleTrigger","nodeName":"Every Hour"}}
{"__type":"$$EventMessageConfirm","confirm":"a7c0e1d5-2c8b-4deb-acbf-b5a1b0074ded","ts":"2026-03-25T21:18:42.031Z","source":{"id":"0","name":"eventBus"}}
{"__type":"$$EventMessageNode","id":"20920595-67e5-4ab4-ac19-fbee48ffbdf6","ts":"2026-03-25T21:18:42.031Z","eventName":"n8n.node.finished","message":"n8n.node.finished","payload":{"workflowId":"OMrGygh8XkVeJ7k9","workflowName":"reactivacion_winback_testrun","executionId":"143","nodeType":"n8n-nodes-base.scheduleTrigger","nodeName":"Every Hour"}}
{"__type":"$$EventMessageConfirm","confirm":"20920595-67e5-4ab4-ac19-fbee48ffbdf6","ts":"2026-03-25T21:18:42.031Z","source":{"id":"0","name":"eventBus"}}
{"__type":"$$EventMessageNode","id":"d5b20a4e-b368-497d-aac7-771d6f534618","ts":"2026-03-25T21:18:42.031Z","eventName":"n8n.node.started","message":"n8n.node.started","payload":{"workflowId":"OMrGygh8XkVeJ7k9","workflowName":"reactivacion_winback_testrun","executionId":"143","nodeType":"n8n-nodes-base.code","nodeName":"Build 14d Cutoff"}}
{"__type":"$$EventMessageConfirm","confirm":"d5b20a4e-b368-497d-aac7-771d6f534618","ts":"2026-03-25T21:18:42.031Z","source":{"id":"0","name":"eventBus"}}
{"__type":"$$EventMessageNode","id":"ddf20d79-72ca-459a-9f81-29db10bbe08b","ts":"2026-03-25T21:18:42.035Z","eventName":"n8n.node.finished","message":"n8n.node.finished","payload":{"workflowId":"OMrGygh8XkVeJ7k9","workflowName":"reactivacion_winback_testrun","executionId":"143","nodeType":"n8n-nodes-base.code","nodeName":"Build 14d Cutoff"}}
{"__type":"$$EventMessageConfirm","confirm":"ddf20d79-72ca-459a-9f81-29db10bbe08b","ts":"2026-03-25T21:18:42.035Z","source":{"id":"0","name":"eventBus"}}
{"__type":"$$EventMessageNode","id":"4a603b82-4e8f-4050-93ce-a6f849762097","ts":"2026-03-25T21:18:42.035Z","eventName":"n8n.node.started","message":"n8n.node.started","payload":{"workflowId":"OMrGygh8XkVeJ7k9","workflowName":"reactivacion_winback_testrun","executionId":"143","nodeType":"n8n-nodes-base.httpRequest","nodeName":"Fetch Winback Leads"}}
{"__type":"$$EventMessageConfirm","confirm":"4a603b82-4e8f-4050-93ce-a6f849762097","ts":"2026-03-25T21:18:42.035Z","source":{"id":"0","name":"eventBus"}}
{"__type":"$$EventMessageNode","id":"098bd48a-12d6-4947-9961-474dc4b615ce","ts":"2026-03-25T21:18:42.282Z","eventName":"n8n.node.finished","message":"n8n.node.finished","payload":{"workflowId":"OMrGygh8XkVeJ7k9","workflowName":"reactivacion_winback_testrun","executionId":"143","nodeType":"n8n-nodes-base.httpRequest","nodeName":"Fetch Winback Leads"}}
{"__type":"$$EventMessageConfirm","confirm":"098bd48a-12d6-4947-9961-474dc4b615ce","ts":"2026-03-25T21:18:42.282Z","source":{"id":"0","name":"eventBus"}}
{"__type":"$$EventMessageWorkflow","id":"3e35e8fc-3381-448e-821c-54046a8a53f6","ts":"2026-03-25T21:18:42.282Z","eventName":"n8n.workflow.success","message":"n8n.workflow.success","payload":{"executionId":"143","success":true,"isManual":false,"workflowId":"OMrGygh8XkVeJ7k9","workflowName":"reactivacion_winback_testrun"}}
{"__type":"$$EventMessageConfirm","confirm":"3e35e8fc-3381-448e-821c-54046a8a53f6","ts":"2026-03-25T21:18:42.282Z","source":{"id":"0","name":"eventBus"}}
