{"__type":"$$EventMessageWorkflow","id":"7a045d40-eb45-4930-89f7-43cdc86088ed","ts":"2026-03-25T21:19:12.046Z","eventName":"n8n.workflow.started","message":"n8n.workflow.started","payload":{"executionId":"144","workflowId":"OMrGygh8XkVeJ7k9","isManual":false,"workflowName":"reactivacion_winback_testrun"}}
{"__type":"$$EventMessageConfirm","confirm":"7a045d40-eb45-4930-89f7-43cdc86088ed","ts":"2026-03-25T21:19:12.047Z","source":{"id":"0","name":"eventBus"}}
{"__type":"$$EventMessageNode","id":"c3eeb255-4714-484f-968d-4d744681493b","ts":"2026-03-25T21:19:12.048Z","eventName":"n8n.node.started","message":"n8n.node.started","payload":{"workflowId":"OMrGygh8XkVeJ7k9","workflowName":"reactivacion_winback_testrun","executionId":"144","nodeType":"n8n-nodes-base.scheduleTrigger","nodeName":"Every Hour"}}
{"__type":"$$EventMessageConfirm","confirm":"c3eeb255-4714-484f-968d-4d744681493b","ts":"2026-03-25T21:19:12.048Z","source":{"id":"0","name":"eventBus"}}
{"__type":"$$EventMessageNode","id":"45ca24fb-c934-46b1-8c1d-227a3f34e502","ts":"2026-03-25T21:19:12.050Z","eventName":"n8n.node.finished","message":"n8n.node.finished","payload":{"workflowId":"OMrGygh8XkVeJ7k9","workflowName":"reactivacion_winback_testrun","executionId":"144","nodeType":"n8n-nodes-base.scheduleTrigger","nodeName":"Every Hour"}}
{"__type":"$$EventMessageConfirm","confirm":"45ca24fb-c934-46b1-8c1d-227a3f34e502","ts":"2026-03-25T21:19:12.050Z","source":{"id":"0","name":"eventBus"}}
{"__type":"$$EventMessageNode","id":"099af1fd-431d-4be3-be54-aaf63411a1cb","ts":"2026-03-25T21:19:12.050Z","eventName":"n8n.node.started","message":"n8n.node.started","payload":{"workflowId":"OMrGygh8XkVeJ7k9","workflowName":"reactivacion_winback_testrun","executionId":"144","nodeType":"n8n-nodes-base.code","nodeName":"Build 14d Cutoff"}}
{"__type":"$$EventMessageConfirm","confirm":"099af1fd-431d-4be3-be54-aaf63411a1cb","ts":"2026-03-25T21:19:12.050Z","source":{"id":"0","name":"eventBus"}}
{"__type":"$$EventMessageNode","id":"4ae7c449-ff2c-43a6-92ac-e2698e08949c","ts":"2026-03-25T21:19:12.086Z","eventName":"n8n.node.finished","message":"n8n.node.finished","payload":{"workflowId":"OMrGygh8XkVeJ7k9","workflowName":"reactivacion_winback_testrun","executionId":"144","nodeType":"n8n-nodes-base.code","nodeName":"Build 14d Cutoff"}}
{"__type":"$$EventMessageConfirm","confirm":"4ae7c449-ff2c-43a6-92ac-e2698e08949c","ts":"2026-03-25T21:19:12.086Z","source":{"id":"0","name":"eventBus"}}
{"__type":"$$EventMessageNode","id":"858c7e98-4814-4819-906b-ecc212e04882","ts":"2026-03-25T21:19:12.086Z","eventName":"n8n.node.started","message":"n8n.node.started","payload":{"workflowId":"OMrGygh8XkVeJ7k9","workflowName":"reactivacion_winback_testrun","executionId":"144","nodeType":"n8n-nodes-base.httpRequest","nodeName":"Fetch Winback Leads"}}
{"__type":"$$EventMessageConfirm","confirm":"858c7e98-4814-4819-906b-ecc212e04882","ts":"2026-03-25T21:19:12.086Z","source":{"id":"0","name":"eventBus"}}
{"__type":"$$EventMessageNode","id":"83f53765-9fca-43e3-ac9a-e07671a92792","ts":"2026-03-25T21:19:12.331Z","eventName":"n8n.node.finished","message":"n8n.node.finished","payload":{"workflowId":"OMrGygh8XkVeJ7k9","workflowName":"reactivacion_winback_testrun","executionId":"144","nodeType":"n8n-nodes-base.httpRequest","nodeName":"Fetch Winback Leads"}}
{"__type":"$$EventMessageConfirm","confirm":"83f53765-9fca-43e3-ac9a-e07671a92792","ts":"2026-03-25T21:19:12.331Z","source":{"id":"0","name":"eventBus"}}
{"__type":"$$EventMessageWorkflow","id":"697b488f-fc1f-4a1a-a8ce-7cafc351bfcc","ts":"2026-03-25T21:19:12.332Z","eventName":"n8n.workflow.success","message":"n8n.workflow.success","payload":{"executionId":"144","success":true,"isManual":false,"workflowId":"OMrGygh8XkVeJ7k9","workflowName":"reactivacion_winback_testrun"}}
{"__type":"$$EventMessageConfirm","confirm":"697b488f-fc1f-4a1a-a8ce-7cafc351bfcc","ts":"2026-03-25T21:19:12.333Z","source":{"id":"0","name":"eventBus"}}
{"__type":"$$EventMessageWorkflow","id":"aa728ef7-65b1-44c7-9fe3-e3cca3ff6d7b","ts":"2026-03-25T21:19:17.900Z","eventName":"n8n.workflow.started","message":"n8n.workflow.started","payload":{"executionId":"145","workflowId":"ryh6GQxWYOScR2ig","isManual":false,"workflowName":"alerta_conflicto_v1"}}
{"__type":"$$EventMessageConfirm","confirm":"aa728ef7-65b1-44c7-9fe3-e3cca3ff6d7b","ts":"2026-03-25T21:19:17.900Z","source":{"id":"0","name":"eventBus"}}
{"__type":"$$EventMessageNode","id":"771a0315-210e-47a5-98c0-1130aeed927c","ts":"2026-03-25T21:19:17.900Z","eventName":"n8n.node.started","message":"n8n.node.started","payload":{"workflowId":"ryh6GQxWYOScR2ig","workflowName":"alerta_conflicto_v1","executionId":"145","nodeType":"n8n-nodes-base.webhook","nodeName":"Webhook"}}
{"__type":"$$EventMessageConfirm","confirm":"771a0315-210e-47a5-98c0-1130aeed927c","ts":"2026-03-25T21:19:17.900Z","source":{"id":"0","name":"eventBus"}}
{"__type":"$$EventMessageNode","id":"35a2081c-4aed-4e0c-a57e-f002c21adc94","ts":"2026-03-25T21:19:17.900Z","eventName":"n8n.node.finished","message":"n8n.node.finished","payload":{"workflowId":"ryh6GQxWYOScR2ig","workflowName":"alerta_conflicto_v1","executionId":"145","nodeType":"n8n-nodes-base.webhook","nodeName":"Webhook"}}
{"__type":"$$EventMessageConfirm","confirm":"35a2081c-4aed-4e0c-a57e-f002c21adc94","ts":"2026-03-25T21:19:17.900Z","source":{"id":"0","name":"eventBus"}}
{"__type":"$$EventMessageWorkflow","id":"ef030155-0590-4c9e-a0f8-29c34007db17","ts":"2026-03-25T21:19:17.900Z","eventName":"n8n.workflow.success","message":"n8n.workflow.success","payload":{"executionId":"145","success":true,"isManual":false,"workflowId":"ryh6GQxWYOScR2ig","workflowName":"alerta_conflicto_v1"}}
{"__type":"$$EventMessageConfirm","confirm":"ef030155-0590-4c9e-a0f8-29c34007db17","ts":"2026-03-25T21:19:17.900Z","source":{"id":"0","name":"eventBus"}}
{"__type":"$$EventMessageWorkflow","id":"3850b002-9944-42af-9245-528a1bf245c6","ts":"2026-03-25T21:19:17.944Z","eventName":"n8n.workflow.started","message":"n8n.workflow.started","payload":{"executionId":"146","workflowId":"ryh6GQxWYOScR2ig","isManual":false,"workflowName":"alerta_conflicto_v1"}}
{"__type":"$$EventMessageConfirm","confirm":"3850b002-9944-42af-9245-528a1bf245c6","ts":"2026-03-25T21:19:17.944Z","source":{"id":"0","name":"eventBus"}}
{"__type":"$$EventMessageNode","id":"78740729-9b3a-4c68-81a6-0d5eaca284db","ts":"2026-03-25T21:19:17.944Z","eventName":"n8n.node.started","message":"n8n.node.started","payload":{"workflowId":"ryh6GQxWYOScR2ig","workflowName":"alerta_conflicto_v1","executionId":"146","nodeType":"n8n-nodes-base.webhook","nodeName":"Webhook"}}
{"__type":"$$EventMessageConfirm","confirm":"78740729-9b3a-4c68-81a6-0d5eaca284db","ts":"2026-03-25T21:19:17.944Z","source":{"id":"0","name":"eventBus"}}
{"__type":"$$EventMessageNode","id":"b503b083-501a-47e7-81eb-b1763d804452","ts":"2026-03-25T21:19:17.944Z","eventName":"n8n.node.finished","message":"n8n.node.finished","payload":{"workflowId":"ryh6GQxWYOScR2ig","workflowName":"alerta_conflicto_v1","executionId":"146","nodeType":"n8n-nodes-base.webhook","nodeName":"Webhook"}}
{"__type":"$$EventMessageConfirm","confirm":"b503b083-501a-47e7-81eb-b1763d804452","ts":"2026-03-25T21:19:17.944Z","source":{"id":"0","name":"eventBus"}}
{"__type":"$$EventMessageWorkflow","id":"0ddcd4cc-1356-49c2-a7b7-b992b08610e1","ts":"2026-03-25T21:19:17.944Z","eventName":"n8n.workflow.success","message":"n8n.workflow.success","payload":{"executionId":"146","success":true,"isManual":false,"workflowId":"ryh6GQxWYOScR2ig","workflowName":"alerta_conflicto_v1"}}
{"__type":"$$EventMessageConfirm","confirm":"0ddcd4cc-1356-49c2-a7b7-b992b08610e1","ts":"2026-03-25T21:19:17.944Z","source":{"id":"0","name":"eventBus"}}
{"__type":"$$EventMessageWorkflow","id":"cdc53205-a9e2-4238-905f-506c31c22da4","ts":"2026-03-25T21:19:17.968Z","eventName":"n8n.workflow.started","message":"n8n.workflow.started","payload":{"executionId":"147","workflowId":"ryh6GQxWYOScR2ig","isManual":false,"workflowName":"alerta_conflicto_v1"}}
{"__type":"$$EventMessageConfirm","confirm":"cdc53205-a9e2-4238-905f-506c31c22da4","ts":"2026-03-25T21:19:17.968Z","source":{"id":"0","name":"eventBus"}}
{"__type":"$$EventMessageNode","id":"396921c0-0d4d-4986-87e0-e8772a7340ec","ts":"2026-03-25T21:19:17.968Z","eventName":"n8n.node.started","message":"n8n.node.started","payload":{"workflowId":"ryh6GQxWYOScR2ig","workflowName":"alerta_conflicto_v1","executionId":"147","nodeType":"n8n-nodes-base.webhook","nodeName":"Webhook"}}
{"__type":"$$EventMessageConfirm","confirm":"396921c0-0d4d-4986-87e0-e8772a7340ec","ts":"2026-03-25T21:19:17.968Z","source":{"id":"0","name":"eventBus"}}
{"__type":"$$EventMessageNode","id":"53098bb9-0a2b-49d7-960a-78d414bd4559","ts":"2026-03-25T21:19:17.968Z","eventName":"n8n.node.finished","message":"n8n.node.finished","payload":{"workflowId":"ryh6GQxWYOScR2ig","workflowName":"alerta_conflicto_v1","executionId":"147","nodeType":"n8n-nodes-base.webhook","nodeName":"Webhook"}}
{"__type":"$$EventMessageConfirm","confirm":"53098bb9-0a2b-49d7-960a-78d414bd4559","ts":"2026-03-25T21:19:17.968Z","source":{"id":"0","name":"eventBus"}}
{"__type":"$$EventMessageWorkflow","id":"1cdc7e39-87bd-465c-a5af-3b75ad896d93","ts":"2026-03-25T21:19:17.969Z","eventName":"n8n.workflow.success","message":"n8n.workflow.success","payload":{"executionId":"147","success":true,"isManual":false,"workflowId":"ryh6GQxWYOScR2ig","workflowName":"alerta_conflicto_v1"}}
{"__type":"$$EventMessageConfirm","confirm":"1cdc7e39-87bd-465c-a5af-3b75ad896d93","ts":"2026-03-25T21:19:17.969Z","source":{"id":"0","name":"eventBus"}}
{"__type":"$$EventMessageWorkflow","id":"752acb95-9f78-4fe4-8665-3b52ece0eef1","ts":"2026-03-25T21:20:12.034Z","eventName":"n8n.workflow.started","message":"n8n.workflow.started","payload":{"executionId":"148","workflowId":"OMrGygh8XkVeJ7k9","isManual":false,"workflowName":"reactivacion_winback_testrun"}}
{"__type":"$$EventMessageConfirm","confirm":"752acb95-9f78-4fe4-8665-3b52ece0eef1","ts":"2026-03-25T21:20:12.034Z","source":{"id":"0","name":"eventBus"}}
{"__type":"$$EventMessageNode","id":"fb404d53-7591-4a28-8cb3-fdf20ec1f9fc","ts":"2026-03-25T21:20:12.034Z","eventName":"n8n.node.started","message":"n8n.node.started","payload":{"workflowId":"OMrGygh8XkVeJ7k9","workflowName":"reactivacion_winback_testrun","executionId":"148","nodeType":"n8n-nodes-base.scheduleTrigger","nodeName":"Every Hour"}}
{"__type":"$$EventMessageConfirm","confirm":"fb404d53-7591-4a28-8cb3-fdf20ec1f9fc","ts":"2026-03-25T21:20:12.034Z","source":{"id":"0","name":"eventBus"}}
{"__type":"$$EventMessageNode","id":"9a49d2fa-c9d5-47c5-be4c-d1df0a280610","ts":"2026-03-25T21:20:12.034Z","eventName":"n8n.node.finished","message":"n8n.node.finished","payload":{"workflowId":"OMrGygh8XkVeJ7k9","workflowName":"reactivacion_winback_testrun","executionId":"148","nodeType":"n8n-nodes-base.scheduleTrigger","nodeName":"Every Hour"}}
{"__type":"$$EventMessageConfirm","confirm":"9a49d2fa-c9d5-47c5-be4c-d1df0a280610","ts":"2026-03-25T21:20:12.034Z","source":{"id":"0","name":"eventBus"}}
{"__type":"$$EventMessageNode","id":"35a11b71-38e2-4700-884f-711a2452b9ef","ts":"2026-03-25T21:20:12.034Z","eventName":"n8n.node.started","message":"n8n.node.started","payload":{"workflowId":"OMrGygh8XkVeJ7k9","workflowName":"reactivacion_winback_testrun","executionId":"148","nodeType":"n8n-nodes-base.code","nodeName":"Build 14d Cutoff"}}
{"__type":"$$EventMessageConfirm","confirm":"35a11b71-38e2-4700-884f-711a2452b9ef","ts":"2026-03-25T21:20:12.034Z","source":{"id":"0","name":"eventBus"}}
{"__type":"$$EventMessageNode","id":"56caaafa-c56e-4524-9eac-f2a9b7a642c4","ts":"2026-03-25T21:20:12.038Z","eventName":"n8n.node.finished","message":"n8n.node.finished","payload":{"workflowId":"OMrGygh8XkVeJ7k9","workflowName":"reactivacion_winback_testrun","executionId":"148","nodeType":"n8n-nodes-base.code","nodeName":"Build 14d Cutoff"}}
{"__type":"$$EventMessageConfirm","confirm":"56caaafa-c56e-4524-9eac-f2a9b7a642c4","ts":"2026-03-25T21:20:12.039Z","source":{"id":"0","name":"eventBus"}}
{"__type":"$$EventMessageNode","id":"029aafbd-8298-4c4c-b8cf-0a6f049cc011","ts":"2026-03-25T21:20:12.039Z","eventName":"n8n.node.started","message":"n8n.node.started","payload":{"workflowId":"OMrGygh8XkVeJ7k9","workflowName":"reactivacion_winback_testrun","executionId":"148","nodeType":"n8n-nodes-base.httpRequest","nodeName":"Fetch Winback Leads"}}
{"__type":"$$EventMessageConfirm","confirm":"029aafbd-8298-4c4c-b8cf-0a6f049cc011","ts":"2026-03-25T21:20:12.039Z","source":{"id":"0","name":"eventBus"}}
{"__type":"$$EventMessageNode","id":"f5f1ed30-e6f1-4c42-a957-b68261ae71bd","ts":"2026-03-25T21:20:12.288Z","eventName":"n8n.node.finished","message":"n8n.node.finished","payload":{"workflowId":"OMrGygh8XkVeJ7k9","workflowName":"reactivacion_winback_testrun","executionId":"148","nodeType":"n8n-nodes-base.httpRequest","nodeName":"Fetch Winback Leads"}}
{"__type":"$$EventMessageConfirm","confirm":"f5f1ed30-e6f1-4c42-a957-b68261ae71bd","ts":"2026-03-25T21:20:12.288Z","source":{"id":"0","name":"eventBus"}}
{"__type":"$$EventMessageWorkflow","id":"3cc067cf-7295-48b2-b3e2-fc88509a1ff3","ts":"2026-03-25T21:20:12.288Z","eventName":"n8n.workflow.success","message":"n8n.workflow.success","payload":{"executionId":"148","success":true,"isManual":false,"workflowId":"OMrGygh8XkVeJ7k9","workflowName":"reactivacion_winback_testrun"}}
{"__type":"$$EventMessageConfirm","confirm":"3cc067cf-7295-48b2-b3e2-fc88509a1ff3","ts":"2026-03-25T21:20:12.288Z","source":{"id":"0","name":"eventBus"}}
{"__type":"$$EventMessageWorkflow","id":"1069ae78-d9a0-47da-9fb4-a678e3f05c3a","ts":"2026-03-25T21:20:55.033Z","eventName":"n8n.workflow.started","message":"n8n.workflow.started","payload":{"executionId":"149","workflowId":"NYg2IeiCvzmjmF8P","isManual":false,"workflowName":"detector_leads"}}
{"__type":"$$EventMessageConfirm","confirm":"1069ae78-d9a0-47da-9fb4-a678e3f05c3a","ts":"2026-03-25T21:20:55.033Z","source":{"id":"0","name":"eventBus"}}
{"__type":"$$EventMessageNode","id":"a1f55919-8f4b-42db-998d-46dd697dfe47","ts":"2026-03-25T21:20:55.033Z","eventName":"n8n.node.started","message":"n8n.node.started","payload":{"workflowId":"NYg2IeiCvzmjmF8P","workflowName":"detector_leads","executionId":"149","nodeType":"n8n-nodes-base.scheduleTrigger","nodeName":"Every 5 Minutes"}}
{"__type":"$$EventMessageConfirm","confirm":"a1f55919-8f4b-42db-998d-46dd697dfe47","ts":"2026-03-25T21:20:55.033Z","source":{"id":"0","name":"eventBus"}}
{"__type":"$$EventMessageNode","id":"2ff3a2bc-ec58-4f6e-88a6-d8b7d71d85d4","ts":"2026-03-25T21:20:55.033Z","eventName":"n8n.node.finished","message":"n8n.node.finished","payload":{"workflowId":"NYg2IeiCvzmjmF8P","workflowName":"detector_leads","executionId":"149","nodeType":"n8n-nodes-base.scheduleTrigger","nodeName":"Every 5 Minutes"}}
{"__type":"$$EventMessageConfirm","confirm":"2ff3a2bc-ec58-4f6e-88a6-d8b7d71d85d4","ts":"2026-03-25T21:20:55.033Z","source":{"id":"0","name":"eventBus"}}
{"__type":"$$EventMessageNode","id":"005cb502-1e68-421d-a26b-4774dd68150e","ts":"2026-03-25T21:20:55.033Z","eventName":"n8n.node.started","message":"n8n.node.started","payload":{"workflowId":"NYg2IeiCvzmjmF8P","workflowName":"detector_leads","executionId":"149","nodeType":"n8n-nodes-base.code","nodeName":"Build 5m Cutoff"}}
{"__type":"$$EventMessageConfirm","confirm":"005cb502-1e68-421d-a26b-4774dd68150e","ts":"2026-03-25T21:20:55.034Z","source":{"id":"0","name":"eventBus"}}
{"__type":"$$EventMessageNode","id":"bd65f2a7-71db-4bb7-82cf-d3ab0785434b","ts":"2026-03-25T21:20:55.038Z","eventName":"n8n.node.finished","message":"n8n.node.finished","payload":{"workflowId":"NYg2IeiCvzmjmF8P","workflowName":"detector_leads","executionId":"149","nodeType":"n8n-nodes-base.code","nodeName":"Build 5m Cutoff"}}
{"__type":"$$EventMessageConfirm","confirm":"bd65f2a7-71db-4bb7-82cf-d3ab0785434b","ts":"2026-03-25T21:20:55.038Z","source":{"id":"0","name":"eventBus"}}
{"__type":"$$EventMessageNode","id":"0c6d2631-f346-497e-80cc-fde5f4ef73ca","ts":"2026-03-25T21:20:55.038Z","eventName":"n8n.node.started","message":"n8n.node.started","payload":{"workflowId":"NYg2IeiCvzmjmF8P","workflowName":"detector_leads","executionId":"149","nodeType":"n8n-nodes-base.httpRequest","nodeName":"Fetch Eligible Leads"}}
{"__type":"$$EventMessageConfirm","confirm":"0c6d2631-f346-497e-80cc-fde5f4ef73ca","ts":"2026-03-25T21:20:55.038Z","source":{"id":"0","name":"eventBus"}}
{"__type":"$$EventMessageNode","id":"8a818e63-95ab-484c-84f2-a65e861b4680","ts":"2026-03-25T21:20:55.205Z","eventName":"n8n.node.finished","message":"n8n.node.finished","payload":{"workflowId":"NYg2IeiCvzmjmF8P","workflowName":"detector_leads","executionId":"149","nodeType":"n8n-nodes-base.httpRequest","nodeName":"Fetch Eligible Leads"}}
{"__type":"$$EventMessageConfirm","confirm":"8a818e63-95ab-484c-84f2-a65e861b4680","ts":"2026-03-25T21:20:55.205Z","source":{"id":"0","name":"eventBus"}}
{"__type":"$$EventMessageWorkflow","id":"ebbdf389-b043-425b-b210-dbd85c824c37","ts":"2026-03-25T21:20:55.205Z","eventName":"n8n.workflow.success","message":"n8n.workflow.success","payload":{"executionId":"149","success":true,"isManual":false,"workflowId":"NYg2IeiCvzmjmF8P","workflowName":"detector_leads"}}
{"__type":"$$EventMessageConfirm","confirm":"ebbdf389-b043-425b-b210-dbd85c824c37","ts":"2026-03-25T21:20:55.205Z","source":{"id":"0","name":"eventBus"}}
{"__type":"$$EventMessageWorkflow","id":"1be0af11-e5bd-429b-ba81-d9522a8f0a4d","ts":"2026-03-25T21:21:12.027Z","eventName":"n8n.workflow.started","message":"n8n.workflow.started","payload":{"executionId":"150","workflowId":"OMrGygh8XkVeJ7k9","isManual":false,"workflowName":"reactivacion_winback_testrun"}}
{"__type":"$$EventMessageConfirm","confirm":"1be0af11-e5bd-429b-ba81-d9522a8f0a4d","ts":"2026-03-25T21:21:12.027Z","source":{"id":"0","name":"eventBus"}}
{"__type":"$$EventMessageNode","id":"349d2242-2cec-4591-88fe-eb527efa8b51","ts":"2026-03-25T21:21:12.027Z","eventName":"n8n.node.started","message":"n8n.node.started","payload":{"workflowId":"OMrGygh8XkVeJ7k9","workflowName":"reactivacion_winback_testrun","executionId":"150","nodeType":"n8n-nodes-base.scheduleTrigger","nodeName":"Every Hour"}}
{"__type":"$$EventMessageConfirm","confirm":"349d2242-2cec-4591-88fe-eb527efa8b51","ts":"2026-03-25T21:21:12.027Z","source":{"id":"0","name":"eventBus"}}
{"__type":"$$EventMessageNode","id":"8041d6da-6ca6-47ae-9f26-76e42f77516e","ts":"2026-03-25T21:21:12.027Z","eventName":"n8n.node.finished","message":"n8n.node.finished","payload":{"workflowId":"OMrGygh8XkVeJ7k9","workflowName":"reactivacion_winback_testrun","executionId":"150","nodeType":"n8n-nodes-base.scheduleTrigger","nodeName":"Every Hour"}}
{"__type":"$$EventMessageConfirm","confirm":"8041d6da-6ca6-47ae-9f26-76e42f77516e","ts":"2026-03-25T21:21:12.027Z","source":{"id":"0","name":"eventBus"}}
{"__type":"$$EventMessageNode","id":"654c8ade-897f-4f3f-a753-9ce3f34d1e8a","ts":"2026-03-25T21:21:12.027Z","eventName":"n8n.node.started","message":"n8n.node.started","payload":{"workflowId":"OMrGygh8XkVeJ7k9","workflowName":"reactivacion_winback_testrun","executionId":"150","nodeType":"n8n-nodes-base.code","nodeName":"Build 14d Cutoff"}}
{"__type":"$$EventMessageConfirm","confirm":"654c8ade-897f-4f3f-a753-9ce3f34d1e8a","ts":"2026-03-25T21:21:12.027Z","source":{"id":"0","name":"eventBus"}}
{"__type":"$$EventMessageNode","id":"e46c3e05-3503-4a0f-ad1a-e19fa5f81415","ts":"2026-03-25T21:21:12.031Z","eventName":"n8n.node.finished","message":"n8n.node.finished","payload":{"workflowId":"OMrGygh8XkVeJ7k9","workflowName":"reactivacion_winback_testrun","executionId":"150","nodeType":"n8n-nodes-base.code","nodeName":"Build 14d Cutoff"}}
{"__type":"$$EventMessageConfirm","confirm":"e46c3e05-3503-4a0f-ad1a-e19fa5f81415","ts":"2026-03-25T21:21:12.032Z","source":{"id":"0","name":"eventBus"}}
{"__type":"$$EventMessageNode","id":"0dcee404-5c55-45a0-b51c-7b0b35c8cac8","ts":"2026-03-25T21:21:12.032Z","eventName":"n8n.node.started","message":"n8n.node.started","payload":{"workflowId":"OMrGygh8XkVeJ7k9","workflowName":"reactivacion_winback_testrun","executionId":"150","nodeType":"n8n-nodes-base.httpRequest","nodeName":"Fetch Winback Leads"}}
{"__type":"$$EventMessageConfirm","confirm":"0dcee404-5c55-45a0-b51c-7b0b35c8cac8","ts":"2026-03-25T21:21:12.032Z","source":{"id":"0","name":"eventBus"}}
{"__type":"$$EventMessageNode","id":"154353af-4630-43c9-b239-a06ba45444ab","ts":"2026-03-25T21:21:12.215Z","eventName":"n8n.node.finished","message":"n8n.node.finished","payload":{"workflowId":"OMrGygh8XkVeJ7k9","workflowName":"reactivacion_winback_testrun","executionId":"150","nodeType":"n8n-nodes-base.httpRequest","nodeName":"Fetch Winback Leads"}}
{"__type":"$$EventMessageConfirm","confirm":"154353af-4630-43c9-b239-a06ba45444ab","ts":"2026-03-25T21:21:12.215Z","source":{"id":"0","name":"eventBus"}}
{"__type":"$$EventMessageWorkflow","id":"e7cf42cb-6510-429c-8e2f-19111521589e","ts":"2026-03-25T21:21:12.215Z","eventName":"n8n.workflow.success","message":"n8n.workflow.success","payload":{"executionId":"150","success":true,"isManual":false,"workflowId":"OMrGygh8XkVeJ7k9","workflowName":"reactivacion_winback_testrun"}}
{"__type":"$$EventMessageConfirm","confirm":"e7cf42cb-6510-429c-8e2f-19111521589e","ts":"2026-03-25T21:21:12.215Z","source":{"id":"0","name":"eventBus"}}
{"__type":"$$EventMessageWorkflow","id":"d93cb4c7-b566-4cc6-b73d-5395fb34e091","ts":"2026-03-25T21:22:12.029Z","eventName":"n8n.workflow.started","message":"n8n.workflow.started","payload":{"executionId":"151","workflowId":"OMrGygh8XkVeJ7k9","isManual":false,"workflowName":"reactivacion_winback_testrun"}}
{"__type":"$$EventMessageConfirm","confirm":"d93cb4c7-b566-4cc6-b73d-5395fb34e091","ts":"2026-03-25T21:22:12.030Z","source":{"id":"0","name":"eventBus"}}
{"__type":"$$EventMessageNode","id":"eaf793f5-0f5b-4912-9df8-a185a15feb22","ts":"2026-03-25T21:22:12.030Z","eventName":"n8n.node.started","message":"n8n.node.started","payload":{"workflowId":"OMrGygh8XkVeJ7k9","workflowName":"reactivacion_winback_testrun","executionId":"151","nodeType":"n8n-nodes-base.scheduleTrigger","nodeName":"Every Hour"}}
{"__type":"$$EventMessageConfirm","confirm":"eaf793f5-0f5b-4912-9df8-a185a15feb22","ts":"2026-03-25T21:22:12.030Z","source":{"id":"0","name":"eventBus"}}
{"__type":"$$EventMessageNode","id":"ae9f8d7d-cee7-4f74-9dde-e7468b7c7427","ts":"2026-03-25T21:22:12.030Z","eventName":"n8n.node.finished","message":"n8n.node.finished","payload":{"workflowId":"OMrGygh8XkVeJ7k9","workflowName":"reactivacion_winback_testrun","executionId":"151","nodeType":"n8n-nodes-base.scheduleTrigger","nodeName":"Every Hour"}}
{"__type":"$$EventMessageConfirm","confirm":"ae9f8d7d-cee7-4f74-9dde-e7468b7c7427","ts":"2026-03-25T21:22:12.030Z","source":{"id":"0","name":"eventBus"}}
{"__type":"$$EventMessageNode","id":"9d71d975-c999-4a10-bb0b-5c5c26408322","ts":"2026-03-25T21:22:12.030Z","eventName":"n8n.node.started","message":"n8n.node.started","payload":{"workflowId":"OMrGygh8XkVeJ7k9","workflowName":"reactivacion_winback_testrun","executionId":"151","nodeType":"n8n-nodes-base.code","nodeName":"Build 14d Cutoff"}}
{"__type":"$$EventMessageConfirm","confirm":"9d71d975-c999-4a10-bb0b-5c5c26408322","ts":"2026-03-25T21:22:12.030Z","source":{"id":"0","name":"eventBus"}}
{"__type":"$$EventMessageNode","id":"d0e49c61-c1b1-4a75-b57c-a85e91d67917","ts":"2026-03-25T21:22:12.034Z","eventName":"n8n.node.finished","message":"n8n.node.finished","payload":{"workflowId":"OMrGygh8XkVeJ7k9","workflowName":"reactivacion_winback_testrun","executionId":"151","nodeType":"n8n-nodes-base.code","nodeName":"Build 14d Cutoff"}}
{"__type":"$$EventMessageConfirm","confirm":"d0e49c61-c1b1-4a75-b57c-a85e91d67917","ts":"2026-03-25T21:22:12.034Z","source":{"id":"0","name":"eventBus"}}
{"__type":"$$EventMessageNode","id":"828e86a4-e893-42e0-a748-ec499e0d874a","ts":"2026-03-25T21:22:12.034Z","eventName":"n8n.node.started","message":"n8n.node.started","payload":{"workflowId":"OMrGygh8XkVeJ7k9","workflowName":"reactivacion_winback_testrun","executionId":"151","nodeType":"n8n-nodes-base.httpRequest","nodeName":"Fetch Winback Leads"}}
{"__type":"$$EventMessageConfirm","confirm":"828e86a4-e893-42e0-a748-ec499e0d874a","ts":"2026-03-25T21:22:12.034Z","source":{"id":"0","name":"eventBus"}}
{"__type":"$$EventMessageNode","id":"246d26e6-2bd6-48d4-822d-c50fcfa8854d","ts":"2026-03-25T21:22:12.208Z","eventName":"n8n.node.finished","message":"n8n.node.finished","payload":{"workflowId":"OMrGygh8XkVeJ7k9","workflowName":"reactivacion_winback_testrun","executionId":"151","nodeType":"n8n-nodes-base.httpRequest","nodeName":"Fetch Winback Leads"}}
{"__type":"$$EventMessageConfirm","confirm":"246d26e6-2bd6-48d4-822d-c50fcfa8854d","ts":"2026-03-25T21:22:12.209Z","source":{"id":"0","name":"eventBus"}}
{"__type":"$$EventMessageWorkflow","id":"5d54fd86-2bb3-4a94-a034-3f1c6a593a06","ts":"2026-03-25T21:22:12.209Z","eventName":"n8n.workflow.success","message":"n8n.workflow.success","payload":{"executionId":"151","success":true,"isManual":false,"workflowId":"OMrGygh8XkVeJ7k9","workflowName":"reactivacion_winback_testrun"}}
{"__type":"$$EventMessageConfirm","confirm":"5d54fd86-2bb3-4a94-a034-3f1c6a593a06","ts":"2026-03-25T21:22:12.209Z","source":{"id":"0","name":"eventBus"}}
